# JRE version: OpenJDK Runtime Environment (11.0.2+9) (build 11.0.2+9)
# Java VM: OpenJDK 64-Bit Server VM (11.0.2+9, mixed mode, tiered, compressed oops, g1 gc, linux-amd64)
Heap:
 garbage-first heap   total 524288K, used 125889K [0x0000000700000000, 0x0000000800000000)
  region size 1024K, 15 young (15360K), 12 survivors (12288K)
 Metaspace       used 118763K, capacity 126226K, committed 126512K, reserved 1161216K
  class space    used 12920K, capacity 15486K, committed 15488K, reserved 1048576K
GC Heap History (10 events):
Event: 401.797 GC heap before
{Heap before GC invocations=17 (full 0):
 garbage-first heap   total 524288K, used 377080K [0x0000000700000000, 0x0000000800000000)
  region size 1024K, 260 young (266240K), 11 survivors (11264K)
 Metaspace       used 117964K, capacity 125579K, committed 125744K, reserved 1159168K
  class space    used 12864K, capacity 15450K, committed 15488K, reserved 1048576K
}
Event: 401.813 GC heap after
{Heap after GC invocations=18 (full 0):
 garbage-first heap   total 524288K, used 123016K [0x0000000700000000, 0x0000000800000000)
  region size 1024K, 11 young (11264K), 11 survivors (11264K)
 Metaspace       used 117964K, capacity 125579K, committed 125744K, reserved 1159168K
  class space    used 12864K, capacity 15450K, committed 15488K, reserved 1048576K
}
Event: 587.764 GC heap before
{Heap before GC invocations=18 (full 0):
 garbage-first heap   total 524288K, used 390280K [0x0000000700000000, 0x0000000800000000)
  region size 1024K, 272 young (278528K), 11 survivors (11264K)
 Metaspace       used 118075K, capacity 125618K, committed 125744K, reserved 1159168K
  class space    used 12866K, capacity 15482K, committed 15488K, reserved 1048576K
}
Event: 587.781 GC heap after
{Heap after GC invocations=19 (full 0):
 garbage-first heap   total 524288K, used 122914K [0x0000000700000000, 0x0000000800000000)
  region size 1024K, 11 young (11264K), 11 survivors (11264K)
 Metaspace       used 118075K, capacity 125618K, committed 125744K, reserved 1159168K
  class space    used 12866K, capacity 15482K, committed 15488K, reserved 1048576K
}
Event: 619.190 GC heap before
{Heap before GC invocations=19 (full 0):
 garbage-first heap   total 524288K, used 401442K [0x0000000700000000, 0x0000000800000000)
  region size 1024K, 283 young (289792K), 11 survivors (11264K)
 Metaspace       used 118572K, capacity 125964K, committed 126256K, reserved 1161216K
  class space    used 12916K, capacity 15486K, committed 15488K, reserved 1048576K
}
Event: 619.207 GC heap after
{Heap after GC invocations=20 (full 0):
 garbage-first heap   total 524288K, used 124284K [0x0000000700000000, 0x0000000800000000)
  region size 1024K, 12 young (12288K), 12 survivors (12288K)
 Metaspace       used 118572K, capacity 125964K, committed 126256K, reserved 1161216K
  class space    used 12916K, capacity 15486K, committed 15488K, reserved 1048576K
}
Event: 2066.430 GC heap before
{Heap before GC invocations=20 (full 0):
 garbage-first heap   total 524288K, used 412028K [0x0000000700000000, 0x0000000800000000)
  region size 1024K, 293 young (300032K), 12 survivors (12288K)
 Metaspace       used 118599K, capacity 125964K, committed 126256K, reserved 1161216K
  class space    used 12917K, capacity 15486K, committed 15488K, reserved 1048576K
}
Event: 2066.445 GC heap after
{Heap after GC invocations=21 (full 0):
 garbage-first heap   total 524288K, used 123932K [0x0000000700000000, 0x0000000800000000)
  region size 1024K, 12 young (12288K), 12 survivors (12288K)
 Metaspace       used 118599K, capacity 125964K, committed 126256K, reserved 1161216K
  class space    used 12917K, capacity 15486K, committed 15488K, reserved 1048576K
}
Event: 2809.072 GC heap before
{Heap before GC invocations=21 (full 0):
 garbage-first heap   total 524288K, used 419868K [0x0000000700000000, 0x0000000800000000)
  region size 1024K, 301 young (308224K), 12 survivors (12288K)
 Metaspace       used 118699K, capacity 126162K, committed 126512K, reserved 1161216K
  class space    used 12918K, capacity 15486K, committed 15488K, reserved 1048576K
}
Event: 2809.098 GC heap after
{Heap after GC invocations=22 (full 0):
 garbage-first heap   total 524288K, used 123841K [0x0000000700000000, 0x0000000800000000)
  region size 1024K, 12 young (12288K), 12 survivors (12288K)
 Metaspace       used 118699K, capacity 126162K, committed 126512K, reserved 1161216K
  class space    used 12918K, capacity 15486K, committed 15488K, reserved 1048576K
}

